Arguments: 
  /usr/local/bin/node /usr/local/Cellar/yarn/1.7.0/libexec/bin/yarn.js add universal-cookie

PATH: 
  /usr/local/bin:/usr/bin:/bin:/usr/sbin:/sbin

Yarn version: 
  1.7.0

Node version: 
  10.0.0

Platform: 
  darwin x64

Trace: 
  Error: EEXIST: file already exists, symlink '../../../../../mkdirp/bin/cmd.js' -> '/Users/shun/Dev/vue-nuxt/nuxt/authtrial/node_modules/uglifyjs-webpack-plugin/node_modules/cacache/node_modules/.bin/mkdirp'

npm manifest: 
  {
    "name": "authtrial",
    "version": "1.0.0",
    "description": "Nuxt.js project",
    "author": "hilarious23 <s.positex11@gmail.com>",
    "private": true,
    "scripts": {
      "dev": "nuxt",
      "build": "nuxt build",
      "start": "nuxt start",
      "generate": "nuxt generate",
      "lint": "eslint --ext .js,.vue --ignore-path .gitignore .",
      "precommit": "npm run lint"
    },
    "dependencies": {
      "nuxt": "^2.0.0"
    },
    "devDependencies": {
      "babel-eslint": "^10.0.1",
      "eslint": "^4.19.1",
      "eslint-friendly-formatter": "^4.0.1",
      "eslint-loader": "^2.1.1",
      "eslint-plugin-vue": "^4.0.0"
    }
  }

yarn manifest: 
  No manifest

Lockfile: 
  No lockfile
